2019-10-19 06:59:22,049  INFO [main] nopcommerce:39 - ********* Launching browser***************
2019-10-19 06:59:22,115  INFO [main] nopcommerce:45 - ********* Opening URL***************
2019-10-19 06:59:26,022  INFO [main] nopcommerce:53 - ********* Proving user info ***************
2019-10-19 06:59:36,257  INFO [main] nopcommerce:67 - *********Login Validation starts ***************
2019-10-19 06:59:36,653  INFO [main] nopcommerce:76 - *********Login successfull ***************
2019-10-19 06:59:39,675  INFO [main] nopcommerce:84 - *********Logout from application***************
2019-10-19 06:59:41,279  INFO [main] nopcommerce:67 - *********Login Validation starts ***************
2019-10-19 06:59:41,330  INFO [main] nopcommerce:76 - *********Login successfull ***************
2019-10-19 06:59:44,350  INFO [main] nopcommerce:90 - *********Closing application ***************
2019-10-19 07:12:43,399  INFO [main] nopcommerce:65 - ********* Launching browser***************
2019-10-19 07:12:43,481  INFO [main] nopcommerce:71 - ********* Opening URL***************
2019-10-19 07:13:19,074  INFO [main] nopcommerce:79 - ********* Proving user info ***************
2019-10-19 07:13:27,624  INFO [main] nopcommerce:93 - *********Login Validation starts ***************
2019-10-19 07:13:27,650  INFO [main] nopcommerce:102 - *********Login successfull ***************
2019-10-19 07:15:23,911  INFO [main] nopcommerce:65 - ********* Launching browser***************
2019-10-19 07:15:24,011  INFO [main] nopcommerce:71 - ********* Opening URL***************
2019-10-19 07:15:26,136  INFO [main] nopcommerce:79 - ********* Proving user info ***************
2019-10-19 07:15:37,895  INFO [main] nopcommerce:93 - *********Login Validation starts ***************
2019-10-19 07:15:37,943  INFO [main] nopcommerce:102 - *********Login successfull ***************
2019-10-19 07:15:42,959  INFO [main] nopcommerce:110 - *********Logout from application***************
2019-10-19 07:15:44,606  INFO [main] nopcommerce:93 - *********Login Validation starts ***************
2019-10-19 07:15:44,660  INFO [main] nopcommerce:102 - *********Login successfull ***************
2019-10-19 07:15:49,676  INFO [main] nopcommerce:116 - *********Closing application ***************
2019-10-19 07:21:12,040  INFO [main] nopcommerce:65 - ********* Launching browser***************
2019-10-19 07:21:12,119  INFO [main] nopcommerce:71 - ********* Opening URL***************
2019-10-19 07:21:15,927  INFO [main] nopcommerce:79 - ********* Proving user info ***************
2019-10-19 07:21:27,995  INFO [main] nopcommerce:126 - ********* Adding Customer Scenario started  ***************
2019-10-19 07:21:27,996  INFO [main] nopcommerce:128 - ********* Dashboard Display validation ***************
2019-10-19 07:21:37,169  INFO [main] nopcommerce:160 - ********* Providing Customer details ***************
2019-10-19 07:21:47,008  INFO [main] nopcommerce:186 - ********* Add customer validation ***************
2019-10-19 07:21:47,316  INFO [main] nopcommerce:116 - *********Closing application ***************
2019-10-19 07:21:50,582  INFO [main] nopcommerce:65 - ********* Launching browser***************
2019-10-19 07:21:50,584  INFO [main] nopcommerce:71 - ********* Opening URL***************
2019-10-19 07:21:54,212  INFO [main] nopcommerce:79 - ********* Proving user info ***************
2019-10-19 07:22:06,579  INFO [main] nopcommerce:126 - ********* Adding Customer Scenario started  ***************
2019-10-19 07:22:06,580  INFO [main] nopcommerce:128 - ********* Dashboard Display validation ***************
2019-10-19 07:22:13,297  INFO [main] nopcommerce:195 - ********* Search Customer by Email ID Scenario started ***************
2019-10-19 07:22:17,054  INFO [main] nopcommerce:209 - ********* Search customer by email validation ***************
2019-10-19 07:22:17,146  INFO [main] nopcommerce:116 - *********Closing application ***************
2019-10-19 07:22:20,327  INFO [main] nopcommerce:65 - ********* Launching browser***************
2019-10-19 07:22:20,329  INFO [main] nopcommerce:71 - ********* Opening URL***************
2019-10-19 07:22:24,590  INFO [main] nopcommerce:79 - ********* Proving user info ***************
2019-10-19 07:22:36,115  INFO [main] nopcommerce:126 - ********* Adding Customer Scenario started  ***************
2019-10-19 07:22:36,116  INFO [main] nopcommerce:128 - ********* Dashboard Display validation ***************
2019-10-19 07:22:43,047  INFO [main] nopcommerce:217 - ********* Seqarch custoemr by Name Scenario started ***************
2019-10-19 07:22:43,390  INFO [main] nopcommerce:224 - ********* Providing customer name ***************
2019-10-19 07:22:46,708  INFO [main] nopcommerce:231 - ********* Search customer by name validation ***************
2019-10-19 07:22:46,809  INFO [main] nopcommerce:116 - *********Closing application ***************
2019-10-19 07:25:26,238  INFO [main] nopcommerce:65 - ********* Launching browser***************
2019-10-19 07:25:26,326  INFO [main] nopcommerce:71 - ********* Opening URL***************
2019-10-19 07:25:29,915  INFO [main] nopcommerce:79 - ********* Proving user info ***************
2019-10-19 07:25:41,081  INFO [main] nopcommerce:126 - ********* Adding Customer Scenario started  ***************
2019-10-19 07:25:41,083  INFO [main] nopcommerce:128 - ********* Dashboard Display validation ***************
2019-10-19 07:25:49,862  INFO [main] nopcommerce:160 - ********* Providing Customer details ***************
2019-10-19 07:25:59,679  INFO [main] nopcommerce:186 - ********* Add customer validation ***************
2019-10-19 07:25:59,968  INFO [main] nopcommerce:116 - *********Closing application ***************
2019-10-19 07:29:18,905  INFO [main] nopcommerce:65 - ********* Launching browser***************
2019-10-19 07:29:19,030  INFO [main] nopcommerce:71 - ********* Opening URL***************
2019-10-19 07:29:22,837  INFO [main] nopcommerce:79 - ********* Proving user info ***************
2019-10-19 07:29:36,416  INFO [main] nopcommerce:126 - ********* Adding Customer Scenario started  ***************
2019-10-19 07:29:36,420  INFO [main] nopcommerce:128 - ********* Dashboard Display validation ***************
2019-10-19 07:29:44,762  INFO [main] nopcommerce:160 - ********* Providing Customer details ***************
2019-10-19 07:29:55,215  INFO [main] nopcommerce:186 - ********* Add customer validation ***************
2019-10-19 07:29:55,695  INFO [main] nopcommerce:116 - *********Closing application ***************
2019-10-19 07:39:27,592  INFO [main] nopcommerce:65 - ********* Launching browser***************
2019-10-19 07:39:27,674  INFO [main] nopcommerce:71 - ********* Opening URL***************
2019-10-19 07:39:31,584  INFO [main] nopcommerce:79 - ********* Proving user info ***************
2019-10-19 07:39:43,098  INFO [main] nopcommerce:126 - ********* Adding Customer Scenario started  ***************
2019-10-19 07:39:43,100  INFO [main] nopcommerce:128 - ********* Dashboard Display validation ***************
2019-10-19 07:39:51,411  INFO [main] nopcommerce:160 - ********* Providing Customer details ***************
2019-10-19 07:40:01,144  INFO [main] nopcommerce:186 - ********* Add customer validation ***************
2019-10-19 07:40:01,427  INFO [main] nopcommerce:116 - *********Closing application ***************
2019-10-19 07:53:26,474  INFO [main] nopcommerce:65 - ********* Launching browser***************
2019-10-19 07:53:26,520  INFO [main] nopcommerce:71 - ********* Opening URL***************
2019-10-19 07:54:12,836  INFO [main] nopcommerce:65 - ********* Launching browser***************
2019-10-19 07:54:13,056  INFO [main] nopcommerce:71 - ********* Opening URL***************
2019-10-19 07:54:17,060  INFO [main] nopcommerce:79 - ********* Proving user info ***************
2019-10-19 07:54:29,774  INFO [main] nopcommerce:126 - ********* Adding Customer Scenario started  ***************
2019-10-19 07:54:29,778  INFO [main] nopcommerce:128 - ********* Dashboard Display validation ***************
2019-10-19 07:54:42,666  INFO [main] nopcommerce:160 - ********* Providing Customer details ***************
2019-10-19 07:54:52,504  INFO [main] nopcommerce:186 - ********* Add customer validation ***************
2019-10-19 07:54:52,880  INFO [main] nopcommerce:116 - *********Closing application ***************
2020-11-13 15:59:12,981  INFO [main] nopcommerce:64 - ********* Launching browser***************
2020-11-13 15:59:13,036  INFO [main] nopcommerce:70 - ********* Opening URL***************
2020-11-13 15:59:18,428  INFO [main] nopcommerce:78 - ********* Proving user info ***************
2020-11-13 15:59:34,659  INFO [main] nopcommerce:125 - ********* Adding Customer Scenario started  ***************
2020-11-13 15:59:34,662  INFO [main] nopcommerce:127 - ********* Dashboard Display validation ***************
2020-11-13 15:59:43,822  INFO [main] nopcommerce:159 - ********* Providing Customer details ***************
2020-11-13 15:59:53,198  INFO [main] nopcommerce:185 - ********* Add customer validation ***************
2020-11-13 15:59:53,578  INFO [main] nopcommerce:115 - *********Closing application ***************
2020-11-13 17:04:55,329  INFO [main] nopcommerce:64 - ********* Launching browser***************
2020-11-13 17:04:55,376  INFO [main] nopcommerce:70 - ********* Opening URL***************
2020-11-13 17:04:59,675  INFO [main] nopcommerce:78 - ********* Proving user info ***************
2020-11-13 17:05:12,851  INFO [main] nopcommerce:125 - ********* Adding Customer Scenario started  ***************
2020-11-13 17:05:12,856  INFO [main] nopcommerce:127 - ********* Dashboard Display validation ***************
2020-11-13 17:05:21,732  INFO [main] nopcommerce:159 - ********* Providing Customer details ***************
2020-11-13 17:05:31,474  INFO [main] nopcommerce:185 - ********* Add customer validation ***************
2020-11-13 17:05:31,791  INFO [main] nopcommerce:115 - *********Closing application ***************
2020-11-13 20:34:38,430  INFO [main] nopcommerce:64 - ********* Launching browser***************
2020-11-13 20:34:38,516  INFO [main] nopcommerce:70 - ********* Opening URL***************
2020-11-13 20:34:42,752  INFO [main] nopcommerce:78 - ********* Proving user info ***************
2020-11-13 20:34:54,114  INFO [main] nopcommerce:125 - ********* Adding Customer Scenario started  ***************
2020-11-13 20:34:54,152  INFO [main] nopcommerce:127 - ********* Dashboard Display validation ***************
2020-11-13 20:35:02,318  INFO [main] nopcommerce:159 - ********* Providing Customer details ***************
2020-11-13 20:35:12,824  INFO [main] nopcommerce:185 - ********* Add customer validation ***************
2020-11-13 20:35:13,180  INFO [main] nopcommerce:115 - *********Closing application ***************
2020-11-13 20:47:26,851  INFO [main] nopcommerce:64 - ********* Launching browser***************
2020-11-13 20:47:26,906  INFO [main] nopcommerce:70 - ********* Opening URL***************
2020-11-13 20:47:31,150  INFO [main] nopcommerce:78 - ********* Proving user info ***************
2020-11-13 20:47:41,580  INFO [main] nopcommerce:125 - ********* Adding Customer Scenario started  ***************
2020-11-13 20:47:41,583  INFO [main] nopcommerce:127 - ********* Dashboard Display validation ***************
2020-11-13 20:47:49,439  INFO [main] nopcommerce:159 - ********* Providing Customer details ***************
2020-11-13 20:47:58,464  INFO [main] nopcommerce:185 - ********* Add customer validation ***************
2020-11-13 20:47:58,842  INFO [main] nopcommerce:115 - *********Closing application ***************
2020-11-13 20:50:38,357  INFO [main] nopcommerce:64 - ********* Launching browser***************
2020-11-13 20:50:38,418  INFO [main] nopcommerce:70 - ********* Opening URL***************
2020-11-13 20:50:42,748  INFO [main] nopcommerce:78 - ********* Proving user info ***************
2020-11-13 20:50:53,845  INFO [main] nopcommerce:125 - ********* Adding Customer Scenario started  ***************
2020-11-13 20:50:53,849  INFO [main] nopcommerce:127 - ********* Dashboard Display validation ***************
2020-11-13 20:51:01,673  INFO [main] nopcommerce:159 - ********* Providing Customer details ***************
2020-11-13 20:51:10,746  INFO [main] nopcommerce:185 - ********* Add customer validation ***************
2020-11-13 20:51:11,134  INFO [main] nopcommerce:115 - *********Closing application ***************
2020-11-13 20:51:15,079  INFO [main] nopcommerce:64 - ********* Launching browser***************
2020-11-13 20:51:15,083  INFO [main] nopcommerce:70 - ********* Opening URL***************
2020-11-13 20:51:19,415  INFO [main] nopcommerce:78 - ********* Proving user info ***************
2020-11-13 20:51:29,627  INFO [main] nopcommerce:125 - ********* Adding Customer Scenario started  ***************
2020-11-13 20:51:29,628  INFO [main] nopcommerce:127 - ********* Dashboard Display validation ***************
2020-11-13 20:51:36,323  INFO [main] nopcommerce:194 - ********* Search Customer by Email ID Scenario started ***************
2020-11-13 20:51:39,640  INFO [main] nopcommerce:208 - ********* Search customer by email validation ***************
2020-11-13 20:51:39,760  INFO [main] nopcommerce:115 - *********Closing application ***************
2020-11-13 20:51:43,743  INFO [main] nopcommerce:64 - ********* Launching browser***************
2020-11-13 20:51:43,747  INFO [main] nopcommerce:70 - ********* Opening URL***************
2020-11-13 20:51:48,078  INFO [main] nopcommerce:78 - ********* Proving user info ***************
2020-11-13 20:51:58,551  INFO [main] nopcommerce:125 - ********* Adding Customer Scenario started  ***************
2020-11-13 20:51:58,552  INFO [main] nopcommerce:127 - ********* Dashboard Display validation ***************
2020-11-13 20:52:05,140  INFO [main] nopcommerce:216 - ********* Seqarch custoemr by Name Scenario started ***************
2020-11-13 20:52:05,310  INFO [main] nopcommerce:223 - ********* Providing customer name ***************
2020-11-13 20:52:08,605  INFO [main] nopcommerce:230 - ********* Search customer by name validation ***************
2020-11-13 20:52:08,733  INFO [main] nopcommerce:115 - *********Closing application ***************
2020-11-13 20:52:12,678  INFO [main] nopcommerce:64 - ********* Launching browser***************
2020-11-13 20:52:12,680  INFO [main] nopcommerce:70 - ********* Opening URL***************
2020-11-13 20:52:16,844  INFO [main] nopcommerce:78 - ********* Proving user info ***************
2020-11-13 20:52:27,405  INFO [main] nopcommerce:92 - *********Login Validation starts ***************
2020-11-13 20:52:27,491  INFO [main] nopcommerce:101 - *********Login successfull ***************
2020-11-13 20:52:32,503  INFO [main] nopcommerce:109 - *********Logout from application***************
2020-11-13 20:52:34,099  INFO [main] nopcommerce:92 - *********Login Validation starts ***************
2020-11-13 20:52:34,110  INFO [main] nopcommerce:101 - *********Login successfull ***************
2020-11-13 20:52:39,118  INFO [main] nopcommerce:115 - *********Closing application ***************
2020-11-13 20:54:44,252  INFO [main] nopcommerce:64 - ********* Launching browser***************
2020-11-13 20:54:44,291  INFO [main] nopcommerce:70 - ********* Opening URL***************
2020-11-13 20:54:48,602  INFO [main] nopcommerce:78 - ********* Proving user info ***************
2020-11-13 20:55:00,973  INFO [main] nopcommerce:92 - *********Login Validation starts ***************
2020-11-13 20:55:01,059  INFO [main] nopcommerce:101 - *********Login successfull ***************
2020-11-13 20:55:06,076  INFO [main] nopcommerce:109 - *********Logout from application***************
2020-11-13 20:55:07,706  INFO [main] nopcommerce:92 - *********Login Validation starts ***************
2020-11-13 20:55:07,721  INFO [main] nopcommerce:101 - *********Login successfull ***************
2020-11-13 20:55:12,735  INFO [main] nopcommerce:115 - *********Closing application ***************
2020-11-19 11:30:16,385  INFO [main] nopcommerce:64 - ********* Launching browser***************
2020-11-19 11:30:16,447  INFO [main] nopcommerce:70 - ********* Opening URL***************
2020-11-19 11:30:21,416  INFO [main] nopcommerce:78 - ********* Proving user info ***************
2020-11-19 11:30:32,632  INFO [main] nopcommerce:125 - ********* Adding Customer Scenario started  ***************
2020-11-19 11:30:32,634  INFO [main] nopcommerce:127 - ********* Dashboard Display validation ***************
2020-11-19 11:30:40,525  INFO [main] nopcommerce:159 - ********* Providing Customer details ***************
2020-11-19 11:30:50,164  INFO [main] nopcommerce:185 - ********* Add customer validation ***************
2020-11-19 11:30:50,585  INFO [main] nopcommerce:115 - *********Closing application ***************
2020-11-19 11:30:54,682  INFO [main] nopcommerce:64 - ********* Launching browser***************
2020-11-19 11:30:54,684  INFO [main] nopcommerce:70 - ********* Opening URL***************
2020-11-19 11:30:59,123  INFO [main] nopcommerce:78 - ********* Proving user info ***************
2020-11-19 11:31:09,552  INFO [main] nopcommerce:125 - ********* Adding Customer Scenario started  ***************
2020-11-19 11:31:09,552  INFO [main] nopcommerce:127 - ********* Dashboard Display validation ***************
2020-11-19 11:31:16,196  INFO [main] nopcommerce:194 - ********* Search Customer by Email ID Scenario started ***************
2020-11-19 11:31:19,522  INFO [main] nopcommerce:208 - ********* Search customer by email validation ***************
2020-11-19 11:31:19,670  INFO [main] nopcommerce:115 - *********Closing application ***************
2020-11-19 11:31:23,668  INFO [main] nopcommerce:64 - ********* Launching browser***************
2020-11-19 11:31:23,671  INFO [main] nopcommerce:70 - ********* Opening URL***************
2020-11-19 11:31:27,997  INFO [main] nopcommerce:78 - ********* Proving user info ***************
2020-11-19 11:31:36,946  INFO [main] nopcommerce:125 - ********* Adding Customer Scenario started  ***************
2020-11-19 11:31:36,947  INFO [main] nopcommerce:127 - ********* Dashboard Display validation ***************
2020-11-19 11:31:43,701  INFO [main] nopcommerce:216 - ********* Seqarch custoemr by Name Scenario started ***************
2020-11-19 11:31:43,872  INFO [main] nopcommerce:223 - ********* Providing customer name ***************
2020-11-19 11:31:47,224  INFO [main] nopcommerce:230 - ********* Search customer by name validation ***************
2020-11-19 11:31:47,352  INFO [main] nopcommerce:115 - *********Closing application ***************
2020-11-19 11:31:51,382  INFO [main] nopcommerce:64 - ********* Launching browser***************
2020-11-19 11:31:51,385  INFO [main] nopcommerce:70 - ********* Opening URL***************
2020-11-19 11:31:55,766  INFO [main] nopcommerce:78 - ********* Proving user info ***************
2020-11-19 11:32:06,342  INFO [main] nopcommerce:92 - *********Login Validation starts ***************
2020-11-19 11:32:06,433  INFO [main] nopcommerce:101 - *********Login successfull ***************
2020-11-19 11:32:11,451  INFO [main] nopcommerce:109 - *********Logout from application***************
2020-11-19 11:32:12,956  INFO [main] nopcommerce:92 - *********Login Validation starts ***************
2020-11-19 11:32:12,972  INFO [main] nopcommerce:101 - *********Login successfull ***************
2020-11-19 11:32:17,980  INFO [main] nopcommerce:115 - *********Closing application ***************
2020-11-19 11:33:47,077  INFO [main] nopcommerce:64 - ********* Launching browser***************
2020-11-19 11:33:47,126  INFO [main] nopcommerce:70 - ********* Opening URL***************
2020-11-19 11:33:52,723  INFO [main] nopcommerce:78 - ********* Proving user info ***************
2020-11-19 11:34:11,181  INFO [main] nopcommerce:125 - ********* Adding Customer Scenario started  ***************
2020-11-19 11:34:11,184  INFO [main] nopcommerce:127 - ********* Dashboard Display validation ***************
2020-11-19 11:34:19,537  INFO [main] nopcommerce:159 - ********* Providing Customer details ***************
2020-11-19 11:35:39,893  INFO [main] nopcommerce:185 - ********* Add customer validation ***************
2020-11-19 11:35:40,231  INFO [main] nopcommerce:115 - *********Closing application ***************
2020-11-19 11:35:44,398  INFO [main] nopcommerce:64 - ********* Launching browser***************
2020-11-19 11:35:44,400  INFO [main] nopcommerce:70 - ********* Opening URL***************
2020-11-19 11:35:51,372  INFO [main] nopcommerce:78 - ********* Proving user info ***************
2020-11-19 11:36:19,376  INFO [main] nopcommerce:125 - ********* Adding Customer Scenario started  ***************
2020-11-19 11:36:19,377  INFO [main] nopcommerce:127 - ********* Dashboard Display validation ***************
2020-11-19 11:36:35,077  INFO [main] nopcommerce:194 - ********* Search Customer by Email ID Scenario started ***************
2020-11-19 11:36:38,433  INFO [main] nopcommerce:208 - ********* Search customer by email validation ***************
2020-11-19 11:36:38,579  INFO [main] nopcommerce:115 - *********Closing application ***************
2020-11-19 11:36:42,696  INFO [main] nopcommerce:64 - ********* Launching browser***************
2020-11-19 11:36:42,702  INFO [main] nopcommerce:70 - ********* Opening URL***************
2020-11-19 11:36:47,564  INFO [main] nopcommerce:78 - ********* Proving user info ***************
2020-11-19 11:38:03,443  INFO [main] nopcommerce:125 - ********* Adding Customer Scenario started  ***************
2020-11-19 11:38:03,444  INFO [main] nopcommerce:127 - ********* Dashboard Display validation ***************
2020-11-19 11:38:10,656  INFO [main] nopcommerce:216 - ********* Seqarch custoemr by Name Scenario started ***************
2020-11-19 11:38:10,830  INFO [main] nopcommerce:223 - ********* Providing customer name ***************
2020-11-19 11:38:14,217  INFO [main] nopcommerce:230 - ********* Search customer by name validation ***************
2020-11-19 11:38:14,351  INFO [main] nopcommerce:115 - *********Closing application ***************
2020-11-19 11:38:18,364  INFO [main] nopcommerce:64 - ********* Launching browser***************
2020-11-19 11:38:18,367  INFO [main] nopcommerce:70 - ********* Opening URL***************
2020-11-19 11:38:24,178  INFO [main] nopcommerce:78 - ********* Proving user info ***************
2020-11-19 11:39:08,529  INFO [main] nopcommerce:92 - *********Login Validation starts ***************
2020-11-19 11:39:08,618  INFO [main] nopcommerce:101 - *********Login successfull ***************
2020-11-19 11:39:13,639  INFO [main] nopcommerce:109 - *********Logout from application***************
2020-11-19 11:39:15,573  INFO [main] nopcommerce:92 - *********Login Validation starts ***************
2020-11-19 11:39:15,587  INFO [main] nopcommerce:101 - *********Login successfull ***************
2020-11-19 11:39:20,595  INFO [main] nopcommerce:115 - *********Closing application ***************
2020-11-19 11:42:10,405  INFO [main] nopcommerce:64 - ********* Launching browser***************
2020-11-19 11:42:10,444  INFO [main] nopcommerce:70 - ********* Opening URL***************
2020-11-19 11:42:18,885  INFO [main] nopcommerce:78 - ********* Proving user info ***************
2020-11-19 11:43:19,887  INFO [main] nopcommerce:125 - ********* Adding Customer Scenario started  ***************
2020-11-19 11:43:19,892  INFO [main] nopcommerce:127 - ********* Dashboard Display validation ***************
2020-11-19 11:44:06,309  INFO [main] nopcommerce:159 - ********* Providing Customer details ***************
2020-11-19 11:45:25,040  INFO [main] nopcommerce:185 - ********* Add customer validation ***************
2020-11-19 11:45:25,348  INFO [main] nopcommerce:115 - *********Closing application ***************
2020-11-19 11:45:29,331  INFO [main] nopcommerce:64 - ********* Launching browser***************
2020-11-19 11:45:29,336  INFO [main] nopcommerce:70 - ********* Opening URL***************
2020-11-19 11:45:38,413  INFO [main] nopcommerce:78 - ********* Proving user info ***************
2020-11-19 11:45:56,283  INFO [main] nopcommerce:125 - ********* Adding Customer Scenario started  ***************
2020-11-19 11:45:56,285  INFO [main] nopcommerce:127 - ********* Dashboard Display validation ***************
2020-11-19 11:46:25,138  INFO [main] nopcommerce:194 - ********* Search Customer by Email ID Scenario started ***************
2020-11-19 11:46:28,525  INFO [main] nopcommerce:208 - ********* Search customer by email validation ***************
2020-11-19 11:46:28,668  INFO [main] nopcommerce:115 - *********Closing application ***************
2020-11-19 11:46:32,630  INFO [main] nopcommerce:64 - ********* Launching browser***************
2020-11-19 11:46:32,633  INFO [main] nopcommerce:70 - ********* Opening URL***************
2020-11-19 11:46:41,892  INFO [main] nopcommerce:78 - ********* Proving user info ***************
2020-11-19 11:51:29,170  INFO [main] nopcommerce:125 - ********* Adding Customer Scenario started  ***************
2020-11-19 11:51:29,171  INFO [main] nopcommerce:127 - ********* Dashboard Display validation ***************
2020-11-19 11:51:37,831  INFO [main] nopcommerce:216 - ********* Seqarch custoemr by Name Scenario started ***************
2020-11-19 11:51:37,987  INFO [main] nopcommerce:223 - ********* Providing customer name ***************
2020-11-19 11:51:41,317  INFO [main] nopcommerce:230 - ********* Search customer by name validation ***************
2020-11-19 11:51:41,429  INFO [main] nopcommerce:115 - *********Closing application ***************
2020-11-19 11:51:46,030  INFO [main] nopcommerce:64 - ********* Launching browser***************
2020-11-19 11:51:46,033  INFO [main] nopcommerce:70 - ********* Opening URL***************
2020-11-19 11:51:52,254  INFO [main] nopcommerce:78 - ********* Proving user info ***************
2020-11-19 11:52:04,937  INFO [main] nopcommerce:92 - *********Login Validation starts ***************
2020-11-19 11:52:05,002  INFO [main] nopcommerce:101 - *********Login successfull ***************
2020-11-19 11:52:10,039  INFO [main] nopcommerce:109 - *********Logout from application***************
2020-11-19 11:52:11,888  INFO [main] nopcommerce:92 - *********Login Validation starts ***************
2020-11-19 11:52:11,906  INFO [main] nopcommerce:101 - *********Login successfull ***************
2020-11-19 11:52:16,922  INFO [main] nopcommerce:115 - *********Closing application ***************
